current directory: /home/nickp/dev/one_trick_jack/persona/_plugins/ruby/3.3.0/gems/psych-5.2.3/ext/psych
/nix/store/14afs0xh8zaibh5p9drq5xmifgq1rs6r-ruby-3.3.6/bin/ruby extconf.rb
checking for pkg-config for yaml-0.1... not found
checking for yaml.h... yes
checking for yaml_get_version() in -lyaml... yes
creating Makefile

current directory: /home/nickp/dev/one_trick_jack/persona/_plugins/ruby/3.3.0/gems/psych-5.2.3/ext/psych
make DESTDIR\= sitearchdir\=./.gem.20250409-2326447-hxgl57 sitelibdir\=./.gem.20250409-2326447-hxgl57 clean
cd libyaml && make clean
/bin/sh: line 1: cd: libyaml: No such file or directory
make: [Makefile:283: clean-so] Error 1 (ignored)

current directory: /home/nickp/dev/one_trick_jack/persona/_plugins/ruby/3.3.0/gems/psych-5.2.3/ext/psych
make DESTDIR\= sitearchdir\=./.gem.20250409-2326447-hxgl57 sitelibdir\=./.gem.20250409-2326447-hxgl57
compiling psych.c
compiling psych_emitter.c
compiling psych_parser.c
compiling psych_to_ruby.c
compiling psych_yaml_tree.c
linking shared-object psych.so

current directory: /home/nickp/dev/one_trick_jack/persona/_plugins/ruby/3.3.0/gems/psych-5.2.3/ext/psych
make DESTDIR\= sitearchdir\=./.gem.20250409-2326447-hxgl57 sitelibdir\=./.gem.20250409-2326447-hxgl57 install
install -c -p -m 755 psych.so ./.gem.20250409-2326447-hxgl57

current directory: /home/nickp/dev/one_trick_jack/persona/_plugins/ruby/3.3.0/gems/psych-5.2.3/ext/psych
make DESTDIR\= sitearchdir\=./.gem.20250409-2326447-hxgl57 sitelibdir\=./.gem.20250409-2326447-hxgl57 clean
cd libyaml && make clean
/bin/sh: line 1: cd: libyaml: No such file or directory
make: [Makefile:283: clean-so] Error 1 (ignored)
