pkg_config: checking for pkg-config for yaml-0.1... -------------------- not found

package configuration for yaml-0.1 is not found
--------------------

find_header: checking for yaml.h... -------------------- yes

LD_LIBRARY_PATH=.:/nix/store/14afs0xh8zaibh5p9drq5xmifgq1rs6r-ruby-3.3.6/lib "gcc -o conftest -I/nix/store/14afs0xh8zaibh5p9drq5xmifgq1rs6r-ruby-3.3.6/include/ruby-3.3.0/x86_64-linux -I/nix/store/14afs0xh8zaibh5p9drq5xmifgq1rs6r-ruby-3.3.6/include/ruby-3.3.0/ruby/backward -I/nix/store/14afs0xh8zaibh5p9drq5xmifgq1rs6r-ruby-3.3.6/include/ruby-3.3.0 -I.    -O3 -fPIC conftest.c  -L. -L/nix/store/14afs0xh8zaibh5p9drq5xmifgq1rs6r-ruby-3.3.6/lib -Wl,-rpath,/nix/store/14afs0xh8zaibh5p9drq5xmifgq1rs6r-ruby-3.3.6/lib -L. -fstack-protector-strong -rdynamic -Wl,-export-dynamic -Wl,--no-as-needed     -Wl,-rpath,/nix/store/14afs0xh8zaibh5p9drq5xmifgq1rs6r-ruby-3.3.6/lib -L/nix/store/14afs0xh8zaibh5p9drq5xmifgq1rs6r-ruby-3.3.6/lib -lruby-3.3.6  -lm -lpthread  -lc"
checked program was:
/* begin */
1: #include "ruby.h"
2: 
3: int main(int argc, char **argv)
4: {
5:   return !!argv[argc];
6: }
/* end */

LD_LIBRARY_PATH=.:/nix/store/14afs0xh8zaibh5p9drq5xmifgq1rs6r-ruby-3.3.6/lib "gcc -I/nix/store/14afs0xh8zaibh5p9drq5xmifgq1rs6r-ruby-3.3.6/include/ruby-3.3.0/x86_64-linux -I/nix/store/14afs0xh8zaibh5p9drq5xmifgq1rs6r-ruby-3.3.6/include/ruby-3.3.0/ruby/backward -I/nix/store/14afs0xh8zaibh5p9drq5xmifgq1rs6r-ruby-3.3.6/include/ruby-3.3.0 -I.    -O3 -fPIC   -c conftest.c"
checked program was:
/* begin */
1: #include "ruby.h"
2: 
3: #include <yaml.h>
/* end */

--------------------

find_library: checking for yaml_get_version() in -lyaml... -------------------- yes

LD_LIBRARY_PATH=.:/nix/store/14afs0xh8zaibh5p9drq5xmifgq1rs6r-ruby-3.3.6/lib "gcc -o conftest -I/nix/store/14afs0xh8zaibh5p9drq5xmifgq1rs6r-ruby-3.3.6/include/ruby-3.3.0/x86_64-linux -I/nix/store/14afs0xh8zaibh5p9drq5xmifgq1rs6r-ruby-3.3.6/include/ruby-3.3.0/ruby/backward -I/nix/store/14afs0xh8zaibh5p9drq5xmifgq1rs6r-ruby-3.3.6/include/ruby-3.3.0 -I.    -O3 -fPIC conftest.c  -L. -L/nix/store/14afs0xh8zaibh5p9drq5xmifgq1rs6r-ruby-3.3.6/lib -Wl,-rpath,/nix/store/14afs0xh8zaibh5p9drq5xmifgq1rs6r-ruby-3.3.6/lib -L. -fstack-protector-strong -rdynamic -Wl,-export-dynamic -Wl,--no-as-needed     -Wl,-rpath,/nix/store/14afs0xh8zaibh5p9drq5xmifgq1rs6r-ruby-3.3.6/lib -L/nix/store/14afs0xh8zaibh5p9drq5xmifgq1rs6r-ruby-3.3.6/lib -lruby-3.3.6 -lyaml  -lm -lpthread  -lc"
conftest.c: In function ‘t’:
conftest.c:14:57: error: ‘yaml_get_version’ undeclared (first use in this function)
   14 | int t(void) { void ((*volatile p)()); p = (void ((*)()))yaml_get_version; return !p; }
      |                                                         ^~~~~~~~~~~~~~~~
conftest.c:14:57: note: each undeclared identifier is reported only once for each function it appears in
checked program was:
/* begin */
 1: #include "ruby.h"
 2: 
 3: /*top*/
 4: extern int t(void);
 5: int main(int argc, char **argv)
 6: {
 7:   if (argc > 1000000) {
 8:     int (* volatile tp)(void)=(int (*)(void))&t;
 9:     printf("%d", (*tp)());
10:   }
11: 
12:   return !!argv[argc];
13: }
14: int t(void) { void ((*volatile p)()); p = (void ((*)()))yaml_get_version; return !p; }
/* end */

LD_LIBRARY_PATH=.:/nix/store/14afs0xh8zaibh5p9drq5xmifgq1rs6r-ruby-3.3.6/lib "gcc -o conftest -I/nix/store/14afs0xh8zaibh5p9drq5xmifgq1rs6r-ruby-3.3.6/include/ruby-3.3.0/x86_64-linux -I/nix/store/14afs0xh8zaibh5p9drq5xmifgq1rs6r-ruby-3.3.6/include/ruby-3.3.0/ruby/backward -I/nix/store/14afs0xh8zaibh5p9drq5xmifgq1rs6r-ruby-3.3.6/include/ruby-3.3.0 -I.    -O3 -fPIC conftest.c  -L. -L/nix/store/14afs0xh8zaibh5p9drq5xmifgq1rs6r-ruby-3.3.6/lib -Wl,-rpath,/nix/store/14afs0xh8zaibh5p9drq5xmifgq1rs6r-ruby-3.3.6/lib -L. -fstack-protector-strong -rdynamic -Wl,-export-dynamic -Wl,--no-as-needed     -Wl,-rpath,/nix/store/14afs0xh8zaibh5p9drq5xmifgq1rs6r-ruby-3.3.6/lib -L/nix/store/14afs0xh8zaibh5p9drq5xmifgq1rs6r-ruby-3.3.6/lib -lruby-3.3.6 -lyaml  -lm -lpthread  -lc"
checked program was:
/* begin */
 1: #include "ruby.h"
 2: 
 3: /*top*/
 4: extern int t(void);
 5: int main(int argc, char **argv)
 6: {
 7:   if (argc > 1000000) {
 8:     int (* volatile tp)(void)=(int (*)(void))&t;
 9:     printf("%d", (*tp)());
10:   }
11: 
12:   return !!argv[argc];
13: }
14: extern void yaml_get_version();
15: int t(void) { yaml_get_version(); return 0; }
/* end */

--------------------

