have_builtin_func: checking for __builtin_clz()... -------------------- yes

LD_LIBRARY_PATH=.:/nix/store/14afs0xh8zaibh5p9drq5xmifgq1rs6r-ruby-3.3.6/lib "gcc -o conftest -I/nix/store/14afs0xh8zaibh5p9drq5xmifgq1rs6r-ruby-3.3.6/include/ruby-3.3.0/x86_64-linux -I/nix/store/14afs0xh8zaibh5p9drq5xmifgq1rs6r-ruby-3.3.6/include/ruby-3.3.0/ruby/backward -I/nix/store/14afs0xh8zaibh5p9drq5xmifgq1rs6r-ruby-3.3.6/include/ruby-3.3.0 -I.    -O3 -fPIC conftest.c  -L. -L/nix/store/14afs0xh8zaibh5p9drq5xmifgq1rs6r-ruby-3.3.6/lib -Wl,-rpath,/nix/store/14afs0xh8zaibh5p9drq5xmifgq1rs6r-ruby-3.3.6/lib -L. -fstack-protector-strong -rdynamic -Wl,-export-dynamic -Wl,--no-as-needed     -Wl,-rpath,/nix/store/14afs0xh8zaibh5p9drq5xmifgq1rs6r-ruby-3.3.6/lib -L/nix/store/14afs0xh8zaibh5p9drq5xmifgq1rs6r-ruby-3.3.6/lib -lruby-3.3.6  -lm -lpthread  -lc"
checked program was:
/* begin */
1: #include "ruby.h"
2: 
3: int main(int argc, char **argv)
4: {
5:   return !!argv[argc];
6: }
/* end */

LD_LIBRARY_PATH=.:/nix/store/14afs0xh8zaibh5p9drq5xmifgq1rs6r-ruby-3.3.6/lib "gcc -I/nix/store/14afs0xh8zaibh5p9drq5xmifgq1rs6r-ruby-3.3.6/include/ruby-3.3.0/x86_64-linux -I/nix/store/14afs0xh8zaibh5p9drq5xmifgq1rs6r-ruby-3.3.6/include/ruby-3.3.0/ruby/backward -I/nix/store/14afs0xh8zaibh5p9drq5xmifgq1rs6r-ruby-3.3.6/include/ruby-3.3.0 -I.    -O3 -fPIC   -c conftest.c"
checked program was:
/* begin */
1: #include "ruby.h"
2: 
3: int foo;
4: int main() { __builtin_clz(0); return 0; }
/* end */

--------------------

have_builtin_func: checking for __builtin_clzl()... -------------------- yes

LD_LIBRARY_PATH=.:/nix/store/14afs0xh8zaibh5p9drq5xmifgq1rs6r-ruby-3.3.6/lib "gcc -I/nix/store/14afs0xh8zaibh5p9drq5xmifgq1rs6r-ruby-3.3.6/include/ruby-3.3.0/x86_64-linux -I/nix/store/14afs0xh8zaibh5p9drq5xmifgq1rs6r-ruby-3.3.6/include/ruby-3.3.0/ruby/backward -I/nix/store/14afs0xh8zaibh5p9drq5xmifgq1rs6r-ruby-3.3.6/include/ruby-3.3.0 -I.    -O3 -fPIC   -c conftest.c"
checked program was:
/* begin */
1: #include "ruby.h"
2: 
3: int foo;
4: int main() { __builtin_clzl(0); return 0; }
/* end */

--------------------

have_builtin_func: checking for __builtin_clzll()... -------------------- yes

LD_LIBRARY_PATH=.:/nix/store/14afs0xh8zaibh5p9drq5xmifgq1rs6r-ruby-3.3.6/lib "gcc -I/nix/store/14afs0xh8zaibh5p9drq5xmifgq1rs6r-ruby-3.3.6/include/ruby-3.3.0/x86_64-linux -I/nix/store/14afs0xh8zaibh5p9drq5xmifgq1rs6r-ruby-3.3.6/include/ruby-3.3.0/ruby/backward -I/nix/store/14afs0xh8zaibh5p9drq5xmifgq1rs6r-ruby-3.3.6/include/ruby-3.3.0 -I.    -O3 -fPIC   -c conftest.c"
checked program was:
/* begin */
1: #include "ruby.h"
2: 
3: int foo;
4: int main() { __builtin_clzll(0); return 0; }
/* end */

--------------------

have_header: checking for float.h... -------------------- yes

LD_LIBRARY_PATH=.:/nix/store/14afs0xh8zaibh5p9drq5xmifgq1rs6r-ruby-3.3.6/lib "gcc -I/nix/store/14afs0xh8zaibh5p9drq5xmifgq1rs6r-ruby-3.3.6/include/ruby-3.3.0/x86_64-linux -I/nix/store/14afs0xh8zaibh5p9drq5xmifgq1rs6r-ruby-3.3.6/include/ruby-3.3.0/ruby/backward -I/nix/store/14afs0xh8zaibh5p9drq5xmifgq1rs6r-ruby-3.3.6/include/ruby-3.3.0 -I.    -O3 -fPIC   -c conftest.c"
checked program was:
/* begin */
1: #include "ruby.h"
2: 
3: #include <float.h>
/* end */

--------------------

have_header: checking for math.h... -------------------- yes

LD_LIBRARY_PATH=.:/nix/store/14afs0xh8zaibh5p9drq5xmifgq1rs6r-ruby-3.3.6/lib "gcc -I/nix/store/14afs0xh8zaibh5p9drq5xmifgq1rs6r-ruby-3.3.6/include/ruby-3.3.0/x86_64-linux -I/nix/store/14afs0xh8zaibh5p9drq5xmifgq1rs6r-ruby-3.3.6/include/ruby-3.3.0/ruby/backward -I/nix/store/14afs0xh8zaibh5p9drq5xmifgq1rs6r-ruby-3.3.6/include/ruby-3.3.0 -I.    -O3 -fPIC   -c conftest.c"
checked program was:
/* begin */
1: #include "ruby.h"
2: 
3: #include <math.h>
/* end */

--------------------

have_header: checking for stdbool.h... -------------------- yes

LD_LIBRARY_PATH=.:/nix/store/14afs0xh8zaibh5p9drq5xmifgq1rs6r-ruby-3.3.6/lib "gcc -I/nix/store/14afs0xh8zaibh5p9drq5xmifgq1rs6r-ruby-3.3.6/include/ruby-3.3.0/x86_64-linux -I/nix/store/14afs0xh8zaibh5p9drq5xmifgq1rs6r-ruby-3.3.6/include/ruby-3.3.0/ruby/backward -I/nix/store/14afs0xh8zaibh5p9drq5xmifgq1rs6r-ruby-3.3.6/include/ruby-3.3.0 -I.    -O3 -fPIC   -c conftest.c"
checked program was:
/* begin */
1: #include "ruby.h"
2: 
3: #include <stdbool.h>
/* end */

--------------------

have_header: checking for stdlib.h... -------------------- yes

LD_LIBRARY_PATH=.:/nix/store/14afs0xh8zaibh5p9drq5xmifgq1rs6r-ruby-3.3.6/lib "gcc -I/nix/store/14afs0xh8zaibh5p9drq5xmifgq1rs6r-ruby-3.3.6/include/ruby-3.3.0/x86_64-linux -I/nix/store/14afs0xh8zaibh5p9drq5xmifgq1rs6r-ruby-3.3.6/include/ruby-3.3.0/ruby/backward -I/nix/store/14afs0xh8zaibh5p9drq5xmifgq1rs6r-ruby-3.3.6/include/ruby-3.3.0 -I.    -O3 -fPIC   -c conftest.c"
checked program was:
/* begin */
1: #include "ruby.h"
2: 
3: #include <stdlib.h>
/* end */

--------------------

have_header: checking for x86intrin.h... -------------------- yes

LD_LIBRARY_PATH=.:/nix/store/14afs0xh8zaibh5p9drq5xmifgq1rs6r-ruby-3.3.6/lib "gcc -I/nix/store/14afs0xh8zaibh5p9drq5xmifgq1rs6r-ruby-3.3.6/include/ruby-3.3.0/x86_64-linux -I/nix/store/14afs0xh8zaibh5p9drq5xmifgq1rs6r-ruby-3.3.6/include/ruby-3.3.0/ruby/backward -I/nix/store/14afs0xh8zaibh5p9drq5xmifgq1rs6r-ruby-3.3.6/include/ruby-3.3.0 -I.    -O3 -fPIC   -c conftest.c"
checked program was:
/* begin */
1: #include "ruby.h"
2: 
3: #include <x86intrin.h>
/* end */

--------------------

have_func: checking for _lzcnt_u32() in x86intrin.h... -------------------- no

LD_LIBRARY_PATH=.:/nix/store/14afs0xh8zaibh5p9drq5xmifgq1rs6r-ruby-3.3.6/lib "gcc -o conftest -I/nix/store/14afs0xh8zaibh5p9drq5xmifgq1rs6r-ruby-3.3.6/include/ruby-3.3.0/x86_64-linux -I/nix/store/14afs0xh8zaibh5p9drq5xmifgq1rs6r-ruby-3.3.6/include/ruby-3.3.0/ruby/backward -I/nix/store/14afs0xh8zaibh5p9drq5xmifgq1rs6r-ruby-3.3.6/include/ruby-3.3.0 -I.    -O3 -fPIC conftest.c  -L. -L/nix/store/14afs0xh8zaibh5p9drq5xmifgq1rs6r-ruby-3.3.6/lib -Wl,-rpath,/nix/store/14afs0xh8zaibh5p9drq5xmifgq1rs6r-ruby-3.3.6/lib -L. -fstack-protector-strong -rdynamic -Wl,-export-dynamic -Wl,--no-as-needed     -Wl,-rpath,/nix/store/14afs0xh8zaibh5p9drq5xmifgq1rs6r-ruby-3.3.6/lib -L/nix/store/14afs0xh8zaibh5p9drq5xmifgq1rs6r-ruby-3.3.6/lib -lruby-3.3.6  -lm -lpthread  -lc"
/nix/store/22qnvg3zddkf7rbpckv676qpsc2najv9-binutils-2.43.1/bin/ld: /tmp/nix-shell-159230-0/cctmFtuq.o: in function `t':
conftest.c:(.text+0x3): undefined reference to `_lzcnt_u32'
collect2: error: ld returned 1 exit status
checked program was:
/* begin */
 1: #include "ruby.h"
 2: 
 3: #include <x86intrin.h>
 4: 
 5: /*top*/
 6: extern int t(void);
 7: int main(int argc, char **argv)
 8: {
 9:   if (argc > 1000000) {
10:     int (* volatile tp)(void)=(int (*)(void))&t;
11:     printf("%d", (*tp)());
12:   }
13: 
14:   return !!argv[argc];
15: }
16: int t(void) { void ((*volatile p)()); p = (void ((*)()))_lzcnt_u32; return !p; }
/* end */

LD_LIBRARY_PATH=.:/nix/store/14afs0xh8zaibh5p9drq5xmifgq1rs6r-ruby-3.3.6/lib "gcc -o conftest -I/nix/store/14afs0xh8zaibh5p9drq5xmifgq1rs6r-ruby-3.3.6/include/ruby-3.3.0/x86_64-linux -I/nix/store/14afs0xh8zaibh5p9drq5xmifgq1rs6r-ruby-3.3.6/include/ruby-3.3.0/ruby/backward -I/nix/store/14afs0xh8zaibh5p9drq5xmifgq1rs6r-ruby-3.3.6/include/ruby-3.3.0 -I.    -O3 -fPIC conftest.c  -L. -L/nix/store/14afs0xh8zaibh5p9drq5xmifgq1rs6r-ruby-3.3.6/lib -Wl,-rpath,/nix/store/14afs0xh8zaibh5p9drq5xmifgq1rs6r-ruby-3.3.6/lib -L. -fstack-protector-strong -rdynamic -Wl,-export-dynamic -Wl,--no-as-needed     -Wl,-rpath,/nix/store/14afs0xh8zaibh5p9drq5xmifgq1rs6r-ruby-3.3.6/lib -L/nix/store/14afs0xh8zaibh5p9drq5xmifgq1rs6r-ruby-3.3.6/lib -lruby-3.3.6  -lm -lpthread  -lc"
conftest.c:16:13: error: conflicting types for ‘_lzcnt_u32’; have ‘void()’
   16 | extern void _lzcnt_u32();
      |             ^~~~~~~~~~
In file included from /nix/store/yg4ahy7gahx91nq80achmzilrjyv0scj-gcc-13.3.0/lib/gcc/x86_64-unknown-linux-gnu/13.3.0/include/x86gprintrin.h:61,
                 from /nix/store/yg4ahy7gahx91nq80achmzilrjyv0scj-gcc-13.3.0/lib/gcc/x86_64-unknown-linux-gnu/13.3.0/include/x86intrin.h:27,
                 from conftest.c:3:
/nix/store/yg4ahy7gahx91nq80achmzilrjyv0scj-gcc-13.3.0/lib/gcc/x86_64-unknown-linux-gnu/13.3.0/include/lzcntintrin.h:51:1: note: previous definition of ‘_lzcnt_u32’ with type ‘unsigned int(unsigned int)’
   51 | _lzcnt_u32 (unsigned int __X)
      | ^~~~~~~~~~
checked program was:
/* begin */
 1: #include "ruby.h"
 2: 
 3: #include <x86intrin.h>
 4: 
 5: /*top*/
 6: extern int t(void);
 7: int main(int argc, char **argv)
 8: {
 9:   if (argc > 1000000) {
10:     int (* volatile tp)(void)=(int (*)(void))&t;
11:     printf("%d", (*tp)());
12:   }
13: 
14:   return !!argv[argc];
15: }
16: extern void _lzcnt_u32();
17: int t(void) { _lzcnt_u32(); return 0; }
/* end */

--------------------

have_func: checking for _lzcnt_u64() in x86intrin.h... -------------------- no

LD_LIBRARY_PATH=.:/nix/store/14afs0xh8zaibh5p9drq5xmifgq1rs6r-ruby-3.3.6/lib "gcc -o conftest -I/nix/store/14afs0xh8zaibh5p9drq5xmifgq1rs6r-ruby-3.3.6/include/ruby-3.3.0/x86_64-linux -I/nix/store/14afs0xh8zaibh5p9drq5xmifgq1rs6r-ruby-3.3.6/include/ruby-3.3.0/ruby/backward -I/nix/store/14afs0xh8zaibh5p9drq5xmifgq1rs6r-ruby-3.3.6/include/ruby-3.3.0 -I.    -O3 -fPIC conftest.c  -L. -L/nix/store/14afs0xh8zaibh5p9drq5xmifgq1rs6r-ruby-3.3.6/lib -Wl,-rpath,/nix/store/14afs0xh8zaibh5p9drq5xmifgq1rs6r-ruby-3.3.6/lib -L. -fstack-protector-strong -rdynamic -Wl,-export-dynamic -Wl,--no-as-needed     -Wl,-rpath,/nix/store/14afs0xh8zaibh5p9drq5xmifgq1rs6r-ruby-3.3.6/lib -L/nix/store/14afs0xh8zaibh5p9drq5xmifgq1rs6r-ruby-3.3.6/lib -lruby-3.3.6  -lm -lpthread  -lc"
/nix/store/22qnvg3zddkf7rbpckv676qpsc2najv9-binutils-2.43.1/bin/ld: /tmp/nix-shell-159230-0/cciIMCJw.o: in function `t':
conftest.c:(.text+0x3): undefined reference to `_lzcnt_u64'
collect2: error: ld returned 1 exit status
checked program was:
/* begin */
 1: #include "ruby.h"
 2: 
 3: #include <x86intrin.h>
 4: 
 5: /*top*/
 6: extern int t(void);
 7: int main(int argc, char **argv)
 8: {
 9:   if (argc > 1000000) {
10:     int (* volatile tp)(void)=(int (*)(void))&t;
11:     printf("%d", (*tp)());
12:   }
13: 
14:   return !!argv[argc];
15: }
16: int t(void) { void ((*volatile p)()); p = (void ((*)()))_lzcnt_u64; return !p; }
/* end */

LD_LIBRARY_PATH=.:/nix/store/14afs0xh8zaibh5p9drq5xmifgq1rs6r-ruby-3.3.6/lib "gcc -o conftest -I/nix/store/14afs0xh8zaibh5p9drq5xmifgq1rs6r-ruby-3.3.6/include/ruby-3.3.0/x86_64-linux -I/nix/store/14afs0xh8zaibh5p9drq5xmifgq1rs6r-ruby-3.3.6/include/ruby-3.3.0/ruby/backward -I/nix/store/14afs0xh8zaibh5p9drq5xmifgq1rs6r-ruby-3.3.6/include/ruby-3.3.0 -I.    -O3 -fPIC conftest.c  -L. -L/nix/store/14afs0xh8zaibh5p9drq5xmifgq1rs6r-ruby-3.3.6/lib -Wl,-rpath,/nix/store/14afs0xh8zaibh5p9drq5xmifgq1rs6r-ruby-3.3.6/lib -L. -fstack-protector-strong -rdynamic -Wl,-export-dynamic -Wl,--no-as-needed     -Wl,-rpath,/nix/store/14afs0xh8zaibh5p9drq5xmifgq1rs6r-ruby-3.3.6/lib -L/nix/store/14afs0xh8zaibh5p9drq5xmifgq1rs6r-ruby-3.3.6/lib -lruby-3.3.6  -lm -lpthread  -lc"
conftest.c:16:13: error: conflicting types for ‘_lzcnt_u64’; have ‘void()’
   16 | extern void _lzcnt_u64();
      |             ^~~~~~~~~~
In file included from /nix/store/yg4ahy7gahx91nq80achmzilrjyv0scj-gcc-13.3.0/lib/gcc/x86_64-unknown-linux-gnu/13.3.0/include/x86gprintrin.h:61,
                 from /nix/store/yg4ahy7gahx91nq80achmzilrjyv0scj-gcc-13.3.0/lib/gcc/x86_64-unknown-linux-gnu/13.3.0/include/x86intrin.h:27,
                 from conftest.c:3:
/nix/store/yg4ahy7gahx91nq80achmzilrjyv0scj-gcc-13.3.0/lib/gcc/x86_64-unknown-linux-gnu/13.3.0/include/lzcntintrin.h:64:1: note: previous definition of ‘_lzcnt_u64’ with type ‘long long unsigned int(long long unsigned int)’
   64 | _lzcnt_u64 (unsigned long long __X)
      | ^~~~~~~~~~
checked program was:
/* begin */
 1: #include "ruby.h"
 2: 
 3: #include <x86intrin.h>
 4: 
 5: /*top*/
 6: extern int t(void);
 7: int main(int argc, char **argv)
 8: {
 9:   if (argc > 1000000) {
10:     int (* volatile tp)(void)=(int (*)(void))&t;
11:     printf("%d", (*tp)());
12:   }
13: 
14:   return !!argv[argc];
15: }
16: extern void _lzcnt_u64();
17: int t(void) { _lzcnt_u64(); return 0; }
/* end */

--------------------

have_header: checking for intrin.h... -------------------- no

LD_LIBRARY_PATH=.:/nix/store/14afs0xh8zaibh5p9drq5xmifgq1rs6r-ruby-3.3.6/lib "gcc -I/nix/store/14afs0xh8zaibh5p9drq5xmifgq1rs6r-ruby-3.3.6/include/ruby-3.3.0/x86_64-linux -I/nix/store/14afs0xh8zaibh5p9drq5xmifgq1rs6r-ruby-3.3.6/include/ruby-3.3.0/ruby/backward -I/nix/store/14afs0xh8zaibh5p9drq5xmifgq1rs6r-ruby-3.3.6/include/ruby-3.3.0 -I.    -O3 -fPIC   -c conftest.c"
conftest.c:3:10: fatal error: intrin.h: No such file or directory
    3 | #include <intrin.h>
      |          ^~~~~~~~~~
compilation terminated.
checked program was:
/* begin */
1: #include "ruby.h"
2: 
3: #include <intrin.h>
/* end */

--------------------

have_func: checking for labs() in stdlib.h... -------------------- yes

LD_LIBRARY_PATH=.:/nix/store/14afs0xh8zaibh5p9drq5xmifgq1rs6r-ruby-3.3.6/lib "gcc -o conftest -I/nix/store/14afs0xh8zaibh5p9drq5xmifgq1rs6r-ruby-3.3.6/include/ruby-3.3.0/x86_64-linux -I/nix/store/14afs0xh8zaibh5p9drq5xmifgq1rs6r-ruby-3.3.6/include/ruby-3.3.0/ruby/backward -I/nix/store/14afs0xh8zaibh5p9drq5xmifgq1rs6r-ruby-3.3.6/include/ruby-3.3.0 -I.    -O3 -fPIC conftest.c  -L. -L/nix/store/14afs0xh8zaibh5p9drq5xmifgq1rs6r-ruby-3.3.6/lib -Wl,-rpath,/nix/store/14afs0xh8zaibh5p9drq5xmifgq1rs6r-ruby-3.3.6/lib -L. -fstack-protector-strong -rdynamic -Wl,-export-dynamic -Wl,--no-as-needed     -Wl,-rpath,/nix/store/14afs0xh8zaibh5p9drq5xmifgq1rs6r-ruby-3.3.6/lib -L/nix/store/14afs0xh8zaibh5p9drq5xmifgq1rs6r-ruby-3.3.6/lib -lruby-3.3.6  -lm -lpthread  -lc"
checked program was:
/* begin */
 1: #include "ruby.h"
 2: 
 3: #include <stdlib.h>
 4: 
 5: /*top*/
 6: extern int t(void);
 7: int main(int argc, char **argv)
 8: {
 9:   if (argc > 1000000) {
10:     int (* volatile tp)(void)=(int (*)(void))&t;
11:     printf("%d", (*tp)());
12:   }
13: 
14:   return !!argv[argc];
15: }
16: int t(void) { void ((*volatile p)()); p = (void ((*)()))labs; return !p; }
/* end */

--------------------

have_func: checking for llabs() in stdlib.h... -------------------- yes

LD_LIBRARY_PATH=.:/nix/store/14afs0xh8zaibh5p9drq5xmifgq1rs6r-ruby-3.3.6/lib "gcc -o conftest -I/nix/store/14afs0xh8zaibh5p9drq5xmifgq1rs6r-ruby-3.3.6/include/ruby-3.3.0/x86_64-linux -I/nix/store/14afs0xh8zaibh5p9drq5xmifgq1rs6r-ruby-3.3.6/include/ruby-3.3.0/ruby/backward -I/nix/store/14afs0xh8zaibh5p9drq5xmifgq1rs6r-ruby-3.3.6/include/ruby-3.3.0 -I.    -O3 -fPIC conftest.c  -L. -L/nix/store/14afs0xh8zaibh5p9drq5xmifgq1rs6r-ruby-3.3.6/lib -Wl,-rpath,/nix/store/14afs0xh8zaibh5p9drq5xmifgq1rs6r-ruby-3.3.6/lib -L. -fstack-protector-strong -rdynamic -Wl,-export-dynamic -Wl,--no-as-needed     -Wl,-rpath,/nix/store/14afs0xh8zaibh5p9drq5xmifgq1rs6r-ruby-3.3.6/lib -L/nix/store/14afs0xh8zaibh5p9drq5xmifgq1rs6r-ruby-3.3.6/lib -lruby-3.3.6  -lm -lpthread  -lc"
checked program was:
/* begin */
 1: #include "ruby.h"
 2: 
 3: #include <stdlib.h>
 4: 
 5: /*top*/
 6: extern int t(void);
 7: int main(int argc, char **argv)
 8: {
 9:   if (argc > 1000000) {
10:     int (* volatile tp)(void)=(int (*)(void))&t;
11:     printf("%d", (*tp)());
12:   }
13: 
14:   return !!argv[argc];
15: }
16: int t(void) { void ((*volatile p)()); p = (void ((*)()))llabs; return !p; }
/* end */

--------------------

have_func: checking for finite() in math.h... -------------------- yes

LD_LIBRARY_PATH=.:/nix/store/14afs0xh8zaibh5p9drq5xmifgq1rs6r-ruby-3.3.6/lib "gcc -o conftest -I/nix/store/14afs0xh8zaibh5p9drq5xmifgq1rs6r-ruby-3.3.6/include/ruby-3.3.0/x86_64-linux -I/nix/store/14afs0xh8zaibh5p9drq5xmifgq1rs6r-ruby-3.3.6/include/ruby-3.3.0/ruby/backward -I/nix/store/14afs0xh8zaibh5p9drq5xmifgq1rs6r-ruby-3.3.6/include/ruby-3.3.0 -I.    -O3 -fPIC conftest.c  -L. -L/nix/store/14afs0xh8zaibh5p9drq5xmifgq1rs6r-ruby-3.3.6/lib -Wl,-rpath,/nix/store/14afs0xh8zaibh5p9drq5xmifgq1rs6r-ruby-3.3.6/lib -L. -fstack-protector-strong -rdynamic -Wl,-export-dynamic -Wl,--no-as-needed     -Wl,-rpath,/nix/store/14afs0xh8zaibh5p9drq5xmifgq1rs6r-ruby-3.3.6/lib -L/nix/store/14afs0xh8zaibh5p9drq5xmifgq1rs6r-ruby-3.3.6/lib -lruby-3.3.6  -lm -lpthread  -lc"
checked program was:
/* begin */
 1: #include "ruby.h"
 2: 
 3: #include <math.h>
 4: 
 5: /*top*/
 6: extern int t(void);
 7: int main(int argc, char **argv)
 8: {
 9:   if (argc > 1000000) {
10:     int (* volatile tp)(void)=(int (*)(void))&t;
11:     printf("%d", (*tp)());
12:   }
13: 
14:   return !!argv[argc];
15: }
16: int t(void) { void ((*volatile p)()); p = (void ((*)()))finite; return !p; }
/* end */

--------------------

have_func: checking for isfinite() in math.h... -------------------- no

LD_LIBRARY_PATH=.:/nix/store/14afs0xh8zaibh5p9drq5xmifgq1rs6r-ruby-3.3.6/lib "gcc -o conftest -I/nix/store/14afs0xh8zaibh5p9drq5xmifgq1rs6r-ruby-3.3.6/include/ruby-3.3.0/x86_64-linux -I/nix/store/14afs0xh8zaibh5p9drq5xmifgq1rs6r-ruby-3.3.6/include/ruby-3.3.0/ruby/backward -I/nix/store/14afs0xh8zaibh5p9drq5xmifgq1rs6r-ruby-3.3.6/include/ruby-3.3.0 -I.    -O3 -fPIC conftest.c  -L. -L/nix/store/14afs0xh8zaibh5p9drq5xmifgq1rs6r-ruby-3.3.6/lib -Wl,-rpath,/nix/store/14afs0xh8zaibh5p9drq5xmifgq1rs6r-ruby-3.3.6/lib -L. -fstack-protector-strong -rdynamic -Wl,-export-dynamic -Wl,--no-as-needed     -Wl,-rpath,/nix/store/14afs0xh8zaibh5p9drq5xmifgq1rs6r-ruby-3.3.6/lib -L/nix/store/14afs0xh8zaibh5p9drq5xmifgq1rs6r-ruby-3.3.6/lib -lruby-3.3.6  -lm -lpthread  -lc"
conftest.c: In function ‘t’:
conftest.c:16:57: error: ‘isfinite’ undeclared (first use in this function); did you mean ‘finite’?
   16 | int t(void) { void ((*volatile p)()); p = (void ((*)()))isfinite; return !p; }
      |                                                         ^~~~~~~~
      |                                                         finite
conftest.c:16:57: note: each undeclared identifier is reported only once for each function it appears in
checked program was:
/* begin */
 1: #include "ruby.h"
 2: 
 3: #include <math.h>
 4: 
 5: /*top*/
 6: extern int t(void);
 7: int main(int argc, char **argv)
 8: {
 9:   if (argc > 1000000) {
10:     int (* volatile tp)(void)=(int (*)(void))&t;
11:     printf("%d", (*tp)());
12:   }
13: 
14:   return !!argv[argc];
15: }
16: int t(void) { void ((*volatile p)()); p = (void ((*)()))isfinite; return !p; }
/* end */

LD_LIBRARY_PATH=.:/nix/store/14afs0xh8zaibh5p9drq5xmifgq1rs6r-ruby-3.3.6/lib "gcc -o conftest -I/nix/store/14afs0xh8zaibh5p9drq5xmifgq1rs6r-ruby-3.3.6/include/ruby-3.3.0/x86_64-linux -I/nix/store/14afs0xh8zaibh5p9drq5xmifgq1rs6r-ruby-3.3.6/include/ruby-3.3.0/ruby/backward -I/nix/store/14afs0xh8zaibh5p9drq5xmifgq1rs6r-ruby-3.3.6/include/ruby-3.3.0 -I.    -O3 -fPIC conftest.c  -L. -L/nix/store/14afs0xh8zaibh5p9drq5xmifgq1rs6r-ruby-3.3.6/lib -Wl,-rpath,/nix/store/14afs0xh8zaibh5p9drq5xmifgq1rs6r-ruby-3.3.6/lib -L. -fstack-protector-strong -rdynamic -Wl,-export-dynamic -Wl,--no-as-needed     -Wl,-rpath,/nix/store/14afs0xh8zaibh5p9drq5xmifgq1rs6r-ruby-3.3.6/lib -L/nix/store/14afs0xh8zaibh5p9drq5xmifgq1rs6r-ruby-3.3.6/lib -lruby-3.3.6  -lm -lpthread  -lc"
/nix/store/22qnvg3zddkf7rbpckv676qpsc2najv9-binutils-2.43.1/bin/ld: /tmp/nix-shell-159230-0/cc1ddXM4.o: in function `t':
conftest.c:(.text+0x7): undefined reference to `__builtin_isfinite'
collect2: error: ld returned 1 exit status
checked program was:
/* begin */
 1: #include "ruby.h"
 2: 
 3: #include <math.h>
 4: 
 5: /*top*/
 6: extern int t(void);
 7: int main(int argc, char **argv)
 8: {
 9:   if (argc > 1000000) {
10:     int (* volatile tp)(void)=(int (*)(void))&t;
11:     printf("%d", (*tp)());
12:   }
13: 
14:   return !!argv[argc];
15: }
16: extern void isfinite();
17: int t(void) { isfinite(); return 0; }
/* end */

--------------------

have_header: checking for ruby/atomic.h... -------------------- yes

LD_LIBRARY_PATH=.:/nix/store/14afs0xh8zaibh5p9drq5xmifgq1rs6r-ruby-3.3.6/lib "gcc -I/nix/store/14afs0xh8zaibh5p9drq5xmifgq1rs6r-ruby-3.3.6/include/ruby-3.3.0/x86_64-linux -I/nix/store/14afs0xh8zaibh5p9drq5xmifgq1rs6r-ruby-3.3.6/include/ruby-3.3.0/ruby/backward -I/nix/store/14afs0xh8zaibh5p9drq5xmifgq1rs6r-ruby-3.3.6/include/ruby-3.3.0 -I.    -O3 -fPIC   -c conftest.c"
checked program was:
/* begin */
1: #include "ruby.h"
2: 
3: #include <ruby/atomic.h>
/* end */

--------------------

have_header: checking for ruby/internal/has/builtin.h... -------------------- yes

LD_LIBRARY_PATH=.:/nix/store/14afs0xh8zaibh5p9drq5xmifgq1rs6r-ruby-3.3.6/lib "gcc -I/nix/store/14afs0xh8zaibh5p9drq5xmifgq1rs6r-ruby-3.3.6/include/ruby-3.3.0/x86_64-linux -I/nix/store/14afs0xh8zaibh5p9drq5xmifgq1rs6r-ruby-3.3.6/include/ruby-3.3.0/ruby/backward -I/nix/store/14afs0xh8zaibh5p9drq5xmifgq1rs6r-ruby-3.3.6/include/ruby-3.3.0 -I.    -O3 -fPIC   -c conftest.c"
checked program was:
/* begin */
1: #include "ruby.h"
2: 
3: #include <ruby/internal/has/builtin.h>
/* end */

--------------------

have_header: checking for ruby/internal/static_assert.h... -------------------- yes

LD_LIBRARY_PATH=.:/nix/store/14afs0xh8zaibh5p9drq5xmifgq1rs6r-ruby-3.3.6/lib "gcc -I/nix/store/14afs0xh8zaibh5p9drq5xmifgq1rs6r-ruby-3.3.6/include/ruby-3.3.0/x86_64-linux -I/nix/store/14afs0xh8zaibh5p9drq5xmifgq1rs6r-ruby-3.3.6/include/ruby-3.3.0/ruby/backward -I/nix/store/14afs0xh8zaibh5p9drq5xmifgq1rs6r-ruby-3.3.6/include/ruby-3.3.0 -I.    -O3 -fPIC   -c conftest.c"
checked program was:
/* begin */
1: #include "ruby.h"
2: 
3: #include <ruby/internal/static_assert.h>
/* end */

--------------------

have_func: checking for rb_rational_num() in ruby.h... -------------------- yes

LD_LIBRARY_PATH=.:/nix/store/14afs0xh8zaibh5p9drq5xmifgq1rs6r-ruby-3.3.6/lib "gcc -o conftest -I/nix/store/14afs0xh8zaibh5p9drq5xmifgq1rs6r-ruby-3.3.6/include/ruby-3.3.0/x86_64-linux -I/nix/store/14afs0xh8zaibh5p9drq5xmifgq1rs6r-ruby-3.3.6/include/ruby-3.3.0/ruby/backward -I/nix/store/14afs0xh8zaibh5p9drq5xmifgq1rs6r-ruby-3.3.6/include/ruby-3.3.0 -I.    -O3 -fPIC conftest.c  -L. -L/nix/store/14afs0xh8zaibh5p9drq5xmifgq1rs6r-ruby-3.3.6/lib -Wl,-rpath,/nix/store/14afs0xh8zaibh5p9drq5xmifgq1rs6r-ruby-3.3.6/lib -L. -fstack-protector-strong -rdynamic -Wl,-export-dynamic -Wl,--no-as-needed     -Wl,-rpath,/nix/store/14afs0xh8zaibh5p9drq5xmifgq1rs6r-ruby-3.3.6/lib -L/nix/store/14afs0xh8zaibh5p9drq5xmifgq1rs6r-ruby-3.3.6/lib -lruby-3.3.6  -lm -lpthread  -lc"
checked program was:
/* begin */
 1: #include "ruby.h"
 2: 
 3: #include <ruby.h>
 4: 
 5: /*top*/
 6: extern int t(void);
 7: int main(int argc, char **argv)
 8: {
 9:   if (argc > 1000000) {
10:     int (* volatile tp)(void)=(int (*)(void))&t;
11:     printf("%d", (*tp)());
12:   }
13: 
14:   return !!argv[argc];
15: }
16: int t(void) { void ((*volatile p)()); p = (void ((*)()))rb_rational_num; return !p; }
/* end */

--------------------

have_func: checking for rb_rational_den() in ruby.h... -------------------- yes

LD_LIBRARY_PATH=.:/nix/store/14afs0xh8zaibh5p9drq5xmifgq1rs6r-ruby-3.3.6/lib "gcc -o conftest -I/nix/store/14afs0xh8zaibh5p9drq5xmifgq1rs6r-ruby-3.3.6/include/ruby-3.3.0/x86_64-linux -I/nix/store/14afs0xh8zaibh5p9drq5xmifgq1rs6r-ruby-3.3.6/include/ruby-3.3.0/ruby/backward -I/nix/store/14afs0xh8zaibh5p9drq5xmifgq1rs6r-ruby-3.3.6/include/ruby-3.3.0 -I.    -O3 -fPIC conftest.c  -L. -L/nix/store/14afs0xh8zaibh5p9drq5xmifgq1rs6r-ruby-3.3.6/lib -Wl,-rpath,/nix/store/14afs0xh8zaibh5p9drq5xmifgq1rs6r-ruby-3.3.6/lib -L. -fstack-protector-strong -rdynamic -Wl,-export-dynamic -Wl,--no-as-needed     -Wl,-rpath,/nix/store/14afs0xh8zaibh5p9drq5xmifgq1rs6r-ruby-3.3.6/lib -L/nix/store/14afs0xh8zaibh5p9drq5xmifgq1rs6r-ruby-3.3.6/lib -lruby-3.3.6  -lm -lpthread  -lc"
checked program was:
/* begin */
 1: #include "ruby.h"
 2: 
 3: #include <ruby.h>
 4: 
 5: /*top*/
 6: extern int t(void);
 7: int main(int argc, char **argv)
 8: {
 9:   if (argc > 1000000) {
10:     int (* volatile tp)(void)=(int (*)(void))&t;
11:     printf("%d", (*tp)());
12:   }
13: 
14:   return !!argv[argc];
15: }
16: int t(void) { void ((*volatile p)()); p = (void ((*)()))rb_rational_den; return !p; }
/* end */

--------------------

have_func: checking for rb_complex_real() in ruby.h... -------------------- yes

LD_LIBRARY_PATH=.:/nix/store/14afs0xh8zaibh5p9drq5xmifgq1rs6r-ruby-3.3.6/lib "gcc -o conftest -I/nix/store/14afs0xh8zaibh5p9drq5xmifgq1rs6r-ruby-3.3.6/include/ruby-3.3.0/x86_64-linux -I/nix/store/14afs0xh8zaibh5p9drq5xmifgq1rs6r-ruby-3.3.6/include/ruby-3.3.0/ruby/backward -I/nix/store/14afs0xh8zaibh5p9drq5xmifgq1rs6r-ruby-3.3.6/include/ruby-3.3.0 -I.    -O3 -fPIC conftest.c  -L. -L/nix/store/14afs0xh8zaibh5p9drq5xmifgq1rs6r-ruby-3.3.6/lib -Wl,-rpath,/nix/store/14afs0xh8zaibh5p9drq5xmifgq1rs6r-ruby-3.3.6/lib -L. -fstack-protector-strong -rdynamic -Wl,-export-dynamic -Wl,--no-as-needed     -Wl,-rpath,/nix/store/14afs0xh8zaibh5p9drq5xmifgq1rs6r-ruby-3.3.6/lib -L/nix/store/14afs0xh8zaibh5p9drq5xmifgq1rs6r-ruby-3.3.6/lib -lruby-3.3.6  -lm -lpthread  -lc"
checked program was:
/* begin */
 1: #include "ruby.h"
 2: 
 3: #include <ruby.h>
 4: 
 5: /*top*/
 6: extern int t(void);
 7: int main(int argc, char **argv)
 8: {
 9:   if (argc > 1000000) {
10:     int (* volatile tp)(void)=(int (*)(void))&t;
11:     printf("%d", (*tp)());
12:   }
13: 
14:   return !!argv[argc];
15: }
16: int t(void) { void ((*volatile p)()); p = (void ((*)()))rb_complex_real; return !p; }
/* end */

--------------------

have_func: checking for rb_complex_imag() in ruby.h... -------------------- yes

LD_LIBRARY_PATH=.:/nix/store/14afs0xh8zaibh5p9drq5xmifgq1rs6r-ruby-3.3.6/lib "gcc -o conftest -I/nix/store/14afs0xh8zaibh5p9drq5xmifgq1rs6r-ruby-3.3.6/include/ruby-3.3.0/x86_64-linux -I/nix/store/14afs0xh8zaibh5p9drq5xmifgq1rs6r-ruby-3.3.6/include/ruby-3.3.0/ruby/backward -I/nix/store/14afs0xh8zaibh5p9drq5xmifgq1rs6r-ruby-3.3.6/include/ruby-3.3.0 -I.    -O3 -fPIC conftest.c  -L. -L/nix/store/14afs0xh8zaibh5p9drq5xmifgq1rs6r-ruby-3.3.6/lib -Wl,-rpath,/nix/store/14afs0xh8zaibh5p9drq5xmifgq1rs6r-ruby-3.3.6/lib -L. -fstack-protector-strong -rdynamic -Wl,-export-dynamic -Wl,--no-as-needed     -Wl,-rpath,/nix/store/14afs0xh8zaibh5p9drq5xmifgq1rs6r-ruby-3.3.6/lib -L/nix/store/14afs0xh8zaibh5p9drq5xmifgq1rs6r-ruby-3.3.6/lib -lruby-3.3.6  -lm -lpthread  -lc"
checked program was:
/* begin */
 1: #include "ruby.h"
 2: 
 3: #include <ruby.h>
 4: 
 5: /*top*/
 6: extern int t(void);
 7: int main(int argc, char **argv)
 8: {
 9:   if (argc > 1000000) {
10:     int (* volatile tp)(void)=(int (*)(void))&t;
11:     printf("%d", (*tp)());
12:   }
13: 
14:   return !!argv[argc];
15: }
16: int t(void) { void ((*volatile p)()); p = (void ((*)()))rb_complex_imag; return !p; }
/* end */

--------------------

have_func: checking for rb_opts_exception_p() in ruby.h... -------------------- yes

LD_LIBRARY_PATH=.:/nix/store/14afs0xh8zaibh5p9drq5xmifgq1rs6r-ruby-3.3.6/lib "gcc -o conftest -I/nix/store/14afs0xh8zaibh5p9drq5xmifgq1rs6r-ruby-3.3.6/include/ruby-3.3.0/x86_64-linux -I/nix/store/14afs0xh8zaibh5p9drq5xmifgq1rs6r-ruby-3.3.6/include/ruby-3.3.0/ruby/backward -I/nix/store/14afs0xh8zaibh5p9drq5xmifgq1rs6r-ruby-3.3.6/include/ruby-3.3.0 -I.    -O3 -fPIC conftest.c  -L. -L/nix/store/14afs0xh8zaibh5p9drq5xmifgq1rs6r-ruby-3.3.6/lib -Wl,-rpath,/nix/store/14afs0xh8zaibh5p9drq5xmifgq1rs6r-ruby-3.3.6/lib -L. -fstack-protector-strong -rdynamic -Wl,-export-dynamic -Wl,--no-as-needed     -Wl,-rpath,/nix/store/14afs0xh8zaibh5p9drq5xmifgq1rs6r-ruby-3.3.6/lib -L/nix/store/14afs0xh8zaibh5p9drq5xmifgq1rs6r-ruby-3.3.6/lib -lruby-3.3.6  -lm -lpthread  -lc"
conftest.c: In function ‘t’:
conftest.c:16:57: error: ‘rb_opts_exception_p’ undeclared (first use in this function); did you mean ‘rb_make_exception’?
   16 | int t(void) { void ((*volatile p)()); p = (void ((*)()))rb_opts_exception_p; return !p; }
      |                                                         ^~~~~~~~~~~~~~~~~~~
      |                                                         rb_make_exception
conftest.c:16:57: note: each undeclared identifier is reported only once for each function it appears in
checked program was:
/* begin */
 1: #include "ruby.h"
 2: 
 3: #include <ruby.h>
 4: 
 5: /*top*/
 6: extern int t(void);
 7: int main(int argc, char **argv)
 8: {
 9:   if (argc > 1000000) {
10:     int (* volatile tp)(void)=(int (*)(void))&t;
11:     printf("%d", (*tp)());
12:   }
13: 
14:   return !!argv[argc];
15: }
16: int t(void) { void ((*volatile p)()); p = (void ((*)()))rb_opts_exception_p; return !p; }
/* end */

LD_LIBRARY_PATH=.:/nix/store/14afs0xh8zaibh5p9drq5xmifgq1rs6r-ruby-3.3.6/lib "gcc -o conftest -I/nix/store/14afs0xh8zaibh5p9drq5xmifgq1rs6r-ruby-3.3.6/include/ruby-3.3.0/x86_64-linux -I/nix/store/14afs0xh8zaibh5p9drq5xmifgq1rs6r-ruby-3.3.6/include/ruby-3.3.0/ruby/backward -I/nix/store/14afs0xh8zaibh5p9drq5xmifgq1rs6r-ruby-3.3.6/include/ruby-3.3.0 -I.    -O3 -fPIC conftest.c  -L. -L/nix/store/14afs0xh8zaibh5p9drq5xmifgq1rs6r-ruby-3.3.6/lib -Wl,-rpath,/nix/store/14afs0xh8zaibh5p9drq5xmifgq1rs6r-ruby-3.3.6/lib -L. -fstack-protector-strong -rdynamic -Wl,-export-dynamic -Wl,--no-as-needed     -Wl,-rpath,/nix/store/14afs0xh8zaibh5p9drq5xmifgq1rs6r-ruby-3.3.6/lib -L/nix/store/14afs0xh8zaibh5p9drq5xmifgq1rs6r-ruby-3.3.6/lib -lruby-3.3.6  -lm -lpthread  -lc"
checked program was:
/* begin */
 1: #include "ruby.h"
 2: 
 3: #include <ruby.h>
 4: 
 5: /*top*/
 6: extern int t(void);
 7: int main(int argc, char **argv)
 8: {
 9:   if (argc > 1000000) {
10:     int (* volatile tp)(void)=(int (*)(void))&t;
11:     printf("%d", (*tp)());
12:   }
13: 
14:   return !!argv[argc];
15: }
16: extern void rb_opts_exception_p();
17: int t(void) { rb_opts_exception_p(); return 0; }
/* end */

--------------------

have_func: checking for rb_category_warn() in ruby.h... -------------------- yes

LD_LIBRARY_PATH=.:/nix/store/14afs0xh8zaibh5p9drq5xmifgq1rs6r-ruby-3.3.6/lib "gcc -o conftest -I/nix/store/14afs0xh8zaibh5p9drq5xmifgq1rs6r-ruby-3.3.6/include/ruby-3.3.0/x86_64-linux -I/nix/store/14afs0xh8zaibh5p9drq5xmifgq1rs6r-ruby-3.3.6/include/ruby-3.3.0/ruby/backward -I/nix/store/14afs0xh8zaibh5p9drq5xmifgq1rs6r-ruby-3.3.6/include/ruby-3.3.0 -I.    -O3 -fPIC conftest.c  -L. -L/nix/store/14afs0xh8zaibh5p9drq5xmifgq1rs6r-ruby-3.3.6/lib -Wl,-rpath,/nix/store/14afs0xh8zaibh5p9drq5xmifgq1rs6r-ruby-3.3.6/lib -L. -fstack-protector-strong -rdynamic -Wl,-export-dynamic -Wl,--no-as-needed     -Wl,-rpath,/nix/store/14afs0xh8zaibh5p9drq5xmifgq1rs6r-ruby-3.3.6/lib -L/nix/store/14afs0xh8zaibh5p9drq5xmifgq1rs6r-ruby-3.3.6/lib -lruby-3.3.6  -lm -lpthread  -lc"
checked program was:
/* begin */
 1: #include "ruby.h"
 2: 
 3: #include <ruby.h>
 4: 
 5: /*top*/
 6: extern int t(void);
 7: int main(int argc, char **argv)
 8: {
 9:   if (argc > 1000000) {
10:     int (* volatile tp)(void)=(int (*)(void))&t;
11:     printf("%d", (*tp)());
12:   }
13: 
14:   return !!argv[argc];
15: }
16: int t(void) { void ((*volatile p)()); p = (void ((*)()))rb_category_warn; return !p; }
/* end */

--------------------

have_const: checking for RB_WARN_CATEGORY_DEPRECATED in ruby.h... -------------------- yes

LD_LIBRARY_PATH=.:/nix/store/14afs0xh8zaibh5p9drq5xmifgq1rs6r-ruby-3.3.6/lib "gcc -I/nix/store/14afs0xh8zaibh5p9drq5xmifgq1rs6r-ruby-3.3.6/include/ruby-3.3.0/x86_64-linux -I/nix/store/14afs0xh8zaibh5p9drq5xmifgq1rs6r-ruby-3.3.6/include/ruby-3.3.0/ruby/backward -I/nix/store/14afs0xh8zaibh5p9drq5xmifgq1rs6r-ruby-3.3.6/include/ruby-3.3.0 -I.    -O3 -fPIC   -c conftest.c"
checked program was:
/* begin */
1: #include "ruby.h"
2: 
3: #include <ruby.h>
4: 
5: /*top*/
6: typedef int conftest_type;
7: conftest_type conftestval = (int)RB_WARN_CATEGORY_DEPRECATED;
/* end */

--------------------

