current directory: /home/nickp/dev/one_trick_jack/persona/_plugins/ruby/3.3.0/gems/json-2.10.2/ext/json/ext/parser
/nix/store/14afs0xh8zaibh5p9drq5xmifgq1rs6r-ruby-3.3.6/bin/ruby extconf.rb
checking for rb_enc_interned_str() in ruby.h... yes
checking for rb_hash_new_capa() in ruby.h... yes
checking for rb_hash_bulk_insert() in ruby.h... yes
checking for rb_category_warn() in ruby.h... yes
checking for strnlen() in string.h... yes
checking for whether -std=c99 is accepted as CFLAGS... yes
creating Makefile

current directory: /home/nickp/dev/one_trick_jack/persona/_plugins/ruby/3.3.0/gems/json-2.10.2/ext/json/ext/parser
make DESTDIR\= sitearchdir\=./.gem.20250409-2279612-hcki94 sitelibdir\=./.gem.20250409-2279612-hcki94 clean

current directory: /home/nickp/dev/one_trick_jack/persona/_plugins/ruby/3.3.0/gems/json-2.10.2/ext/json/ext/parser
make DESTDIR\= sitearchdir\=./.gem.20250409-2279612-hcki94 sitelibdir\=./.gem.20250409-2279612-hcki94
compiling parser.c
linking shared-object json/ext/parser.so

current directory: /home/nickp/dev/one_trick_jack/persona/_plugins/ruby/3.3.0/gems/json-2.10.2/ext/json/ext/parser
make DESTDIR\= sitearchdir\=./.gem.20250409-2279612-hcki94 sitelibdir\=./.gem.20250409-2279612-hcki94 install
install -c -p -m 755 parser.so ./.gem.20250409-2279612-hcki94/json/ext

current directory: /home/nickp/dev/one_trick_jack/persona/_plugins/ruby/3.3.0/gems/json-2.10.2/ext/json/ext/parser
make DESTDIR\= sitearchdir\=./.gem.20250409-2279612-hcki94 sitelibdir\=./.gem.20250409-2279612-hcki94 clean
