current directory: /home/nickp/dev/one_trick_jack/persona/_plugins/ruby/3.3.0/gems/date-3.4.1/ext/date
/nix/store/14afs0xh8zaibh5p9drq5xmifgq1rs6r-ruby-3.3.6/bin/ruby extconf.rb
checking for rb_category_warn()... yes
checking for timezone in time.h with  -Werror... yes
checking for altzone in time.h with  -Werror... no
creating Makefile

current directory: /home/nickp/dev/one_trick_jack/persona/_plugins/ruby/3.3.0/gems/date-3.4.1/ext/date
make DESTDIR\= sitearchdir\=./.gem.20250409-2368581-dv8hzb sitelibdir\=./.gem.20250409-2368581-dv8hzb clean

current directory: /home/nickp/dev/one_trick_jack/persona/_plugins/ruby/3.3.0/gems/date-3.4.1/ext/date
make DESTDIR\= sitearchdir\=./.gem.20250409-2368581-dv8hzb sitelibdir\=./.gem.20250409-2368581-dv8hzb
compiling date_core.c
compiling date_parse.c
compiling date_strftime.c
compiling date_strptime.c
linking shared-object date_core.so

current directory: /home/nickp/dev/one_trick_jack/persona/_plugins/ruby/3.3.0/gems/date-3.4.1/ext/date
make DESTDIR\= sitearchdir\=./.gem.20250409-2368581-dv8hzb sitelibdir\=./.gem.20250409-2368581-dv8hzb install
install -c -p -m 755 date_core.so ./.gem.20250409-2368581-dv8hzb

current directory: /home/nickp/dev/one_trick_jack/persona/_plugins/ruby/3.3.0/gems/date-3.4.1/ext/date
make DESTDIR\= sitearchdir\=./.gem.20250409-2368581-dv8hzb sitelibdir\=./.gem.20250409-2368581-dv8hzb clean
